
[1m[46m RUN [49m[22m [36mv4.0.18 [39m[90mD:/Dev/BMAD-Speckit-SDD-Flow[39m

{
  "ok": true,
  "requirementRecordPath": "C:/Users/milom/AppData/Local/Temp/implementation-evidence-ingest-txVPIW/_bmad-output/runtime/requirement-records/REQ-EVIDENCE-INGEST/requirement-record.json",
  "eventLogPath": "C:/Users/milom/AppData/Local/Temp/implementation-evidence-ingest-txVPIW/_bmad-output/runtime/requirement-records/REQ-EVIDENCE-INGEST/data/mentor-events.jsonl",
  "artifactIndexPath": "C:/Users/milom/AppData/Local/Temp/implementation-evidence-ingest-txVPIW/_bmad-output/runtime/requirement-records/REQ-EVIDENCE-INGEST/artifact-index.jsonl",
  "globalArtifactIndexPath": "C:/Users/milom/AppData/Local/Temp/implementation-evidence-ingest-txVPIW/_bmad-output/runtime/requirement-records/artifact-index.jsonl"
}
execution_iteration_recorded=exec-001
execution_iteration_recorded=exec-001
execution_iteration_recorded=exec-001
execution_iteration_recorded=exec-001
execution_iteration_recorded=exec-001
execution_iteration_recorded=exec-001
execution_iteration_recorded=exec-001
 [32m✓[39m tests/acceptance/implementation-evidence-ingest.test.ts [2m([22m[2m18 tests[22m[2m)[22m[32m 212[2mms[22m[39m
{
  "ok": true,
  "reportPath": "C:/Users/milom/AppData/Local/Temp/delivery-closeout-missing-3idBkP/_bmad-output/runtime/requirement-records/REQ-CLOSEOUT/delivery-closeout-report.json",
  "decision": "blocked",
  "blockingReasons": [
    "deliveryEvidence.requiredCommands_missing",
    "negative_or_regression_command_missing"
  ]
}
delivery_closeout=pass
delivery_closeout=pass
delivery_closeout=blocked
delivery_closeout=pass
delivery_closeout=blocked
delivery_closeout=blocked
delivery_closeout=blocked
delivery_closeout=blocked
delivery_closeout=pass
delivery_closeout=blocked
delivery_closeout=blocked
delivery_closeout=blocked
delivery_closeout=pass
 [32m✓[39m tests/acceptance/main-agent-delivery-closeout-gate-record.test.ts [2m([22m[2m15 tests[22m[2m)[22m[32m 154[2mms[22m[39m
 [32m✓[39m tests/acceptance/requirement-record-schema.test.ts [2m([22m[2m15 tests[22m[2m)[22m[33m 741[2mms[22m[39m

[2m Test Files [22m [1m[32m3 passed[39m[22m[90m (3)[39m
[2m      Tests [22m [1m[32m48 passed[39m[22m[90m (48)[39m
[2m   Start at [22m 02:44:32
[2m   Duration [22m 1.20s[2m (transform 261ms, setup 0ms, import 511ms, tests 1.11s, environment 0ms)[22m

[90mstderr[2m | tests/acceptance/implementation-evidence-ingest.test.ts[2m > [22m[2mimplementation evidence ingest[2m > [22m[2mrejects stale hashes without mutating the requirement record
[22m[39m{
  "ok": false,
  "mismatches": [
    "architecture_confirmation_hash_mismatch"
  ]
}

[90mstderr[2m | tests/acceptance/implementation-evidence-ingest.test.ts[2m > [22m[2mimplementation evidence ingest[2m > [22m[2mrejects legacy result fields and historical command runs
[22m[39m{
  "ok": false,
  "mismatches": [
    "command_run_id_mismatch",
    "forbidden_result_field"
  ]
}

[90mstderr[2m | tests/acceptance/implementation-evidence-ingest.test.ts[2m > [22m[2mimplementation evidence ingest[2m > [22m[2mrejects rerun loops without controlled source authority before mutating the requirement record
[22m[39m{
  "ok": false,
  "mismatches": [
    "rerun_loop_source_ref_type_invalid:artifact_ref",
    "rerun_loop_result_forbidden",
    "forbidden_result_field"
  ]
}

[90mstderr[2m | tests/acceptance/implementation-evidence-ingest.test.ts[2m > [22m[2mimplementation evidence ingest[2m > [22m[2mrejects hook reconciliation that claims closeout without fallback evidence
[22m[39m{
  "ok": false,
  "mismatches": [
    "hook_reconciliation_reconciled_fallback_refs_missing"
  ]
}

[90mstderr[2m | tests/acceptance/implementation-evidence-ingest.test.ts[2m > [22m[2mimplementation evidence ingest[2m > [22m[2mrejects delivery required commands that cannot prove current blocking evidence
[22m[39m{
  "ok": false,
  "mismatches": [
    "required_command_not_blocking",
    "required_command_artifact_refs_missing"
  ]
}

[90mstderr[2m | tests/acceptance/implementation-evidence-ingest.test.ts[2m > [22m[2mimplementation evidence ingest[2m > [22m[2mrejects invalid entryFlowState updates before mutating the requirement record
[22m[39m{
  "ok": false,
  "mismatches": [
    "entry_flow_state_entry_flow_invalid",
    "entry_flow_state_contract_authoring_required_not_true",
    "entry_flow_state_forbidden_top_level_entry_flow"
  ]
}

[90mstderr[2m | tests/acceptance/implementation-evidence-ingest.test.ts[2m > [22m[2mimplementation evidence ingest[2m > [22m[2mrejects missing or unsafe global contract traceability policy before mutating the requirement record
[22m[39m{
  "ok": false,
  "mismatches": [
    "effective_global_contract_traceability_policy_missing"
  ]
}

[90mstderr[2m | tests/acceptance/implementation-evidence-ingest.test.ts[2m > [22m[2mimplementation evidence ingest[2m > [22m[2mrejects evidence packets without behavior-affecting implementation delta proof
[22m[39m{
  "ok": false,
  "mismatches": [
    "implementation_delta_missing"
  ]
}

[90mstderr[2m | tests/acceptance/implementation-evidence-ingest.test.ts[2m > [22m[2mimplementation evidence ingest[2m > [22m[2mrejects artifact refs without pass-grade metadata
[22m[39m{
  "ok": false,
  "mismatches": [
    "artifact_ref_artifact_purpose_missing",
    "artifact_ref_artifact_related_requirement_ids_missing"
  ]
}

[90mstderr[2m | tests/acceptance/implementation-evidence-ingest.test.ts[2m > [22m[2mimplementation evidence ingest[2m > [22m[2mrejects inline full diffs and legacy write targets
[22m[39m{
  "ok": false,
  "mismatches": [
    "artifact_legacy_write_path_forbidden:_bmad-output/runtime/gates/legacy-report.json",
    "forbidden_inline_full_diff"
  ]
}

[90mstderr[2m | tests/acceptance/main-agent-delivery-closeout-gate-record.test.ts[2m > [22m[2mrequirement-scoped delivery closeout gate[2m > [22m[2mrejects attempts that would overwrite an existing closeout attempt
[22m[39m{
  "ok": false,
  "error": "closeout attempt already exists: closeout-001"
}

