
[1m[46m RUN [49m[22m [36mv4.0.18 [39m[90mD:/Dev/BMAD-Speckit-SDD-Flow[39m

{
  "ok": true,
  "requirementRecordPath": "C:/Users/milom/AppData/Local/Temp/implementation-evidence-ingest-v4HlIn/_bmad-output/runtime/requirement-records/REQ-EVIDENCE-INGEST/requirement-record.json",
  "eventLogPath": "C:/Users/milom/AppData/Local/Temp/implementation-evidence-ingest-v4HlIn/_bmad-output/runtime/requirement-records/REQ-EVIDENCE-INGEST/data/mentor-events.jsonl",
  "artifactIndexPath": "C:/Users/milom/AppData/Local/Temp/implementation-evidence-ingest-v4HlIn/_bmad-output/runtime/requirement-records/REQ-EVIDENCE-INGEST/artifact-index.jsonl",
  "globalArtifactIndexPath": "C:/Users/milom/AppData/Local/Temp/implementation-evidence-ingest-v4HlIn/_bmad-output/runtime/requirement-records/artifact-index.jsonl"
}
{
  "ok": true,
  "reportPath": "C:/Users/milom/AppData/Local/Temp/delivery-closeout-missing-IoyCnI/_bmad-output/runtime/requirement-records/REQ-CLOSEOUT/delivery-closeout-report.json",
  "decision": "blocked",
  "blockingReasons": [
    "deliveryEvidence.requiredCommands_missing",
    "negative_or_regression_command_missing"
  ]
}
execution_iteration_recorded=exec-001
delivery_closeout=pass
delivery_closeout=pass
delivery_closeout=blocked
execution_iteration_recorded=exec-001
delivery_closeout=blocked
execution_iteration_recorded=exec-001
delivery_closeout=blocked
delivery_closeout=blocked
execution_iteration_recorded=exec-001
delivery_closeout=blocked
execution_iteration_recorded=exec-001
delivery_closeout=blocked
delivery_closeout=blocked
delivery_closeout=pass
 [32m✓[39m tests/acceptance/main-agent-delivery-closeout-gate-record.test.ts [2m([22m[2m12 tests[22m[2m)[22m[32m 122[2mms[22m[39m
execution_iteration_recorded=exec-001
 [32m✓[39m tests/acceptance/implementation-evidence-ingest.test.ts [2m([22m[2m17 tests[22m[2m)[22m[32m 205[2mms[22m[39m
{
  "ok": true,
  "outPath": "C:/Users/milom/AppData/Local/Temp/trace-closure-matrix-g5VFWt/_bmad-output/runtime/requirement-records/REQ-MATRIX/trace-closure-matrix.json",
  "counts": {
    "rows": 4,
    "closed": 2,
    "open": 2
  }
}
 [32m✓[39m tests/acceptance/trace-closure-matrix.test.ts [2m([22m[2m1 test[22m[2m)[22m[32m 11[2mms[22m[39m

[2m Test Files [22m [1m[32m3 passed[39m[22m[90m (3)[39m
[2m      Tests [22m [1m[32m30 passed[39m[22m[90m (30)[39m
[2m   Start at [22m 02:34:58
[2m   Duration [22m 836ms[2m (transform 298ms, setup 0ms, import 456ms, tests 338ms, environment 0ms)[22m

[90mstderr[2m | tests/acceptance/implementation-evidence-ingest.test.ts[2m > [22m[2mimplementation evidence ingest[2m > [22m[2mrejects stale hashes without mutating the requirement record
[22m[39m{
  "ok": false,
  "mismatches": [
    "architecture_confirmation_hash_mismatch"
  ]
}

[90mstderr[2m | tests/acceptance/implementation-evidence-ingest.test.ts[2m > [22m[2mimplementation evidence ingest[2m > [22m[2mrejects legacy result fields and historical command runs
[22m[39m{
  "ok": false,
  "mismatches": [
    "command_run_id_mismatch",
    "forbidden_result_field"
  ]
}

[90mstderr[2m | tests/acceptance/main-agent-delivery-closeout-gate-record.test.ts[2m > [22m[2mrequirement-scoped delivery closeout gate[2m > [22m[2mrejects attempts that would overwrite an existing closeout attempt
[22m[39m{
  "ok": false,
  "error": "closeout attempt already exists: closeout-001"
}

[90mstderr[2m | tests/acceptance/implementation-evidence-ingest.test.ts[2m > [22m[2mimplementation evidence ingest[2m > [22m[2mrejects rerun loops without controlled source authority before mutating the requirement record
[22m[39m{
  "ok": false,
  "mismatches": [
    "rerun_loop_source_ref_type_invalid:artifact_ref",
    "rerun_loop_result_forbidden",
    "forbidden_result_field"
  ]
}

[90mstderr[2m | tests/acceptance/implementation-evidence-ingest.test.ts[2m > [22m[2mimplementation evidence ingest[2m > [22m[2mrejects hook reconciliation that claims closeout without fallback evidence
[22m[39m{
  "ok": false,
  "mismatches": [
    "hook_reconciliation_reconciled_fallback_refs_missing"
  ]
}

[90mstderr[2m | tests/acceptance/implementation-evidence-ingest.test.ts[2m > [22m[2mimplementation evidence ingest[2m > [22m[2mrejects delivery required commands that cannot prove current blocking evidence
[22m[39m{
  "ok": false,
  "mismatches": [
    "required_command_not_blocking",
    "required_command_artifact_refs_missing"
  ]
}

[90mstderr[2m | tests/acceptance/implementation-evidence-ingest.test.ts[2m > [22m[2mimplementation evidence ingest[2m > [22m[2mrejects invalid entryFlowState updates before mutating the requirement record
[22m[39m{
  "ok": false,
  "mismatches": [
    "entry_flow_state_entry_flow_invalid",
    "entry_flow_state_contract_authoring_required_not_true",
    "entry_flow_state_forbidden_top_level_entry_flow"
  ]
}

[90mstderr[2m | tests/acceptance/implementation-evidence-ingest.test.ts[2m > [22m[2mimplementation evidence ingest[2m > [22m[2mrejects missing or unsafe global contract traceability policy before mutating the requirement record
[22m[39m{
  "ok": false,
  "mismatches": [
    "effective_global_contract_traceability_policy_missing"
  ]
}

[90mstderr[2m | tests/acceptance/implementation-evidence-ingest.test.ts[2m > [22m[2mimplementation evidence ingest[2m > [22m[2mrejects evidence packets without behavior-affecting implementation delta proof
[22m[39m{
  "ok": false,
  "mismatches": [
    "implementation_delta_missing"
  ]
}

[90mstderr[2m | tests/acceptance/implementation-evidence-ingest.test.ts[2m > [22m[2mimplementation evidence ingest[2m > [22m[2mrejects artifact refs without pass-grade metadata
[22m[39m{
  "ok": false,
  "mismatches": [
    "artifact_ref_artifact_purpose_missing",
    "artifact_ref_artifact_related_requirement_ids_missing"
  ]
}

[90mstderr[2m | tests/acceptance/implementation-evidence-ingest.test.ts[2m > [22m[2mimplementation evidence ingest[2m > [22m[2mrejects inline full diffs and legacy write targets
[22m[39m{
  "ok": false,
  "mismatches": [
    "artifact_legacy_write_path_forbidden:_bmad-output/runtime/gates/legacy-report.json",
    "forbidden_inline_full_diff"
  ]
}

